epoch,acc,loss,mse,val_acc,val_loss,val_mse
0,0.5075,0.7087049782276154,0.257456,0.51,0.6930596828460693,0.24995627
1,0.50125,0.7029664814472198,0.2548159,0.52,0.6929891705513,0.24992107
2,0.54375,0.694686159491539,0.2506414,0.53,0.6931594014167786,0.2500061
3,0.56,0.6859305053949356,0.24638599,0.525,0.6930631995201111,0.24995804
4,0.58125,0.6779455542564392,0.24248055,0.515,0.6929343342781067,0.2498936
5,0.585,0.6698324233293533,0.23857844,0.51,0.6928499341011047,0.2498514
6,0.5925,0.6722166687250137,0.23968887,0.51,0.6928125023841858,0.24983267
7,0.63625,0.6527145206928253,0.23029523,0.505,0.6927176117897034,0.2497852
8,0.6325,0.6508148014545441,0.22933803,0.505,0.6925549507141113,0.2497039
9,0.65125,0.6426342725753784,0.22543623,0.5,0.6923243999481201,0.24958867
10,0.67,0.6367371380329132,0.22250462,0.5,0.6919872760772705,0.24942018
11,0.6675,0.6291291415691376,0.21892539,0.5,0.6915957927703857,0.24922448
12,0.67625,0.6249274760484695,0.21692772,0.5,0.6911559104919434,0.24900469
13,0.6975,0.6162827610969543,0.21287228,0.5,0.6905942559242249,0.24872397
14,0.69375,0.613576203584671,0.21161166,0.5,0.6900204420089722,0.24843733
15,0.7075,0.603178858757019,0.20667072,0.5,0.6893664598464966,0.24811059
16,0.70875,0.5987353324890137,0.20460522,0.535,0.6886153221130371,0.24773544
17,0.72625,0.5932915806770325,0.20209524,0.555,0.6878370046615601,0.2473468
18,0.73875,0.584920272231102,0.19821997,0.565,0.6869758367538452,0.24691696
19,0.72875,0.5814952850341797,0.19657,0.57,0.6859844923019409,0.24642229
20,0.755,0.5718187689781189,0.19207174,0.57,0.6849834322929382,0.24592291
21,0.75375,0.5703449845314026,0.19135174,0.575,0.683895468711853,0.24538045
22,0.75125,0.5620891898870468,0.18772352,0.585,0.6827836632728577,0.24482617
23,0.765,0.5533245950937271,0.18365222,0.585,0.681611180305481,0.24424206
24,0.77375,0.5488965213298798,0.18184078,0.585,0.680378258228302,0.24362804
25,0.7725,0.5486501306295395,0.18178068,0.59,0.6790639758110046,0.242974
26,0.78,0.5409025102853775,0.17821191,0.595,0.677601158618927,0.24224617
27,0.77375,0.5393935590982437,0.17778255,0.595,0.6761036515235901,0.24150194
28,0.78625,0.532037690281868,0.17449717,0.595,0.6745120286941528,0.24071154
29,0.78,0.5277041792869568,0.17255665,0.6,0.6727813482284546,0.23985282
30,0.7825,0.5216496586799622,0.17028944,0.6,0.6710516214370728,0.2389956
31,0.7825,0.5200231075286865,0.16955641,0.6,0.6692025065422058,0.23808043
32,0.79375,0.5111209824681282,0.16536476,0.61,0.6673385500907898,0.2371587
33,0.795,0.5059507489204407,0.16344424,0.615,0.6654941439628601,0.23624815
34,0.81,0.5004238039255142,0.1609072,0.615,0.6634562611579895,0.23524362
35,0.80125,0.5056682974100113,0.16354533,0.615,0.6613165140151978,0.23419154
36,0.795,0.49982649832963943,0.16104975,0.62,0.6592320203781128,0.23316753
37,0.80875,0.49602439254522324,0.15950286,0.625,0.6569729447364807,0.23206005
38,0.81125,0.4888232573866844,0.15615118,0.625,0.6545981764793396,0.23089838
39,0.8,0.490889273583889,0.15719776,0.645,0.6520135402679443,0.22963719
40,0.80375,0.4802752286195755,0.15286833,0.65,0.6494627594947815,0.2283959
41,0.81625,0.4770742952823639,0.15176868,0.65,0.6468464136123657,0.22712764
42,0.80875,0.48003312200307846,0.15278058,0.645,0.6440261006355286,0.22576366
43,0.80875,0.4763724282383919,0.15198743,0.645,0.6412795782089233,0.22444084
44,0.82375,0.4713280647993088,0.14947423,0.645,0.6383320093154907,0.22302587
45,0.8175,0.4644296392798424,0.14665589,0.64,0.6351301074028015,0.2214952
46,0.82375,0.4644986242055893,0.14694147,0.645,0.6320757865905762,0.22004004
47,0.8225,0.46101150661706924,0.1453349,0.645,0.6287323236465454,0.2184556
48,0.8225,0.45512184500694275,0.14319223,0.64,0.625623345375061,0.21699022
49,0.83,0.45837346464395523,0.14451772,0.655,0.6224014163017273,0.21548103
50,0.83125,0.45330551266670227,0.14243522,0.655,0.6190717220306396,0.2139284
51,0.81875,0.4584139287471771,0.1445311,0.675,0.6153388023376465,0.2121976
52,0.81,0.4598704129457474,0.14579314,0.67,0.6120787858963013,0.2107041
53,0.82375,0.4453124701976776,0.13952209,0.68,0.6082111597061157,0.20893665
54,0.8175,0.44580451399087906,0.13982518,0.685,0.6045321226119995,0.20726992
55,0.82,0.43930962681770325,0.13724639,0.685,0.6010103821754456,0.20569162
56,0.81375,0.44250892102718353,0.13872923,0.69,0.5968447327613831,0.20382914
57,0.81125,0.4436369836330414,0.13954154,0.7,0.5935937762260437,0.20240425
58,0.8225,0.4389069527387619,0.13744155,0.7,0.5894657373428345,0.20059933
59,0.81625,0.43809088319540024,0.13740766,0.705,0.5854231119155884,0.19885054
60,0.825,0.4282829165458679,0.13322385,0.705,0.5812504291534424,0.19706175
61,0.82,0.4272763803601265,0.13308188,0.7,0.5773021578788757,0.19538772
62,0.82125,0.4273017719388008,0.13292874,0.705,0.5734074115753174,0.19376121
63,0.83875,0.4254448413848877,0.13212158,0.7,0.569118857383728,0.19196899
64,0.8125,0.42599454522132874,0.13257404,0.7,0.5650827884674072,0.19029705
65,0.83125,0.42204219102859497,0.13125612,0.705,0.5611458420753479,0.18867166
66,0.84625,0.4177869111299515,0.1295004,0.705,0.5573537945747375,0.18711706
67,0.8125,0.4252976253628731,0.13301313,0.705,0.5536527037620544,0.18561715
68,0.82875,0.4138012081384659,0.1280034,0.705,0.5503737926483154,0.18431039
69,0.82625,0.4175555557012558,0.12957713,0.705,0.5467910766601562,0.18287624
70,0.8275,0.41315969824790955,0.12812504,0.705,0.5436314344406128,0.1816402
71,0.835,0.414270244538784,0.12843451,0.71,0.5406919717788696,0.18049648
72,0.8325,0.40971817821264267,0.12701702,0.71,0.5377436280250549,0.17935337
73,0.83375,0.40939875692129135,0.12663212,0.72,0.5345048904418945,0.17810625
74,0.82875,0.41284075379371643,0.1281864,0.72,0.5313606262207031,0.17691348
75,0.83625,0.40359506756067276,0.1243223,0.72,0.5287395715713501,0.17592825
76,0.82625,0.4034489244222641,0.124323994,0.725,0.5258164405822754,0.1748341
77,0.83375,0.4043946638703346,0.12522638,0.73,0.5229318737983704,0.1737557
78,0.84125,0.40083907544612885,0.12347562,0.73,0.5203211307525635,0.17279965
79,0.84875,0.39945586025714874,0.1230137,0.725,0.5175876021385193,0.17182015
80,0.835,0.39939775317907333,0.123151064,0.725,0.5147988200187683,0.1708079
81,0.845,0.39552101492881775,0.12163221,0.725,0.5124279260635376,0.16995895
82,0.82875,0.40108706802129745,0.124272175,0.725,0.5102007389068604,0.16919634
83,0.85125,0.39385347813367844,0.12063833,0.725,0.5075162649154663,0.16826239
84,0.84625,0.3909328877925873,0.1202525,0.725,0.5050612092018127,0.16739334
85,0.83875,0.386472150683403,0.1185384,0.73,0.5028780102729797,0.16661696
86,0.845,0.3939841091632843,0.12058626,0.735,0.5005860328674316,0.16583794
87,0.82125,0.40005436539649963,0.123856276,0.74,0.4986008107662201,0.16514719
88,0.835,0.3898429647088051,0.11964641,0.745,0.4960057735443115,0.1642206
89,0.845,0.3881647363305092,0.11893909,0.75,0.49347758293151855,0.1633346
90,0.835,0.3888882175087929,0.11970342,0.75,0.4910130202770233,0.1624552
91,0.84125,0.38272805511951447,0.11705801,0.75,0.48888489603996277,0.16169235
92,0.84,0.3931396156549454,0.121187404,0.75,0.4868665933609009,0.16095477
93,0.8425,0.3834063857793808,0.11731362,0.75,0.48432815074920654,0.16007036
94,0.8375,0.3827774077653885,0.11774808,0.75,0.4818211793899536,0.15915938
95,0.8575,0.37927598506212234,0.115549415,0.75,0.47950154542922974,0.15830232
96,0.8525,0.3831169381737709,0.11699142,0.755,0.4774893820285797,0.15761049
97,0.8375,0.3751455843448639,0.11488081,0.755,0.475038081407547,0.1567813
98,0.845,0.3813937157392502,0.11691302,0.755,0.47289395332336426,0.15600982
99,0.84625,0.3743656277656555,0.114388965,0.755,0.4705510437488556,0.15518549
100,0.83875,0.38321690261363983,0.11801976,0.76,0.46845871210098267,0.15440376
101,0.83375,0.3783428370952606,0.11560165,0.76,0.4665752649307251,0.1537087
102,0.84625,0.37017587572336197,0.11262325,0.76,0.4643235504627228,0.15292938
103,0.84,0.3766859322786331,0.1154038,0.765,0.4621899724006653,0.1521278
104,0.8525,0.3704063594341278,0.11299868,0.765,0.4601648449897766,0.15138178
105,0.84625,0.36861977726221085,0.11253292,0.765,0.45844539999961853,0.15076448
106,0.84625,0.3700922131538391,0.11322579,0.765,0.45637908577919006,0.15000112
107,0.8375,0.37388793379068375,0.11459364,0.765,0.45433658361434937,0.14922316
108,0.84125,0.3712058365345001,0.11337117,0.765,0.45262205600738525,0.14858358
109,0.845,0.3679299131035805,0.11248504,0.77,0.45071181654930115,0.1478606
110,0.84375,0.36857353895902634,0.11286087,0.77,0.4489920437335968,0.14724092
111,0.84625,0.37141818553209305,0.11364626,0.77,0.44747111201286316,0.14663817
112,0.8375,0.3658105283975601,0.112051345,0.77,0.44627344608306885,0.14619792
113,0.84375,0.36521848291158676,0.111165896,0.78,0.4448351263999939,0.14562085
114,0.84375,0.3646171763539314,0.110769756,0.78,0.44357380270957947,0.1451221
115,0.84125,0.3661157488822937,0.11184889,0.78,0.4423717260360718,0.14463218
116,0.845,0.36116328090429306,0.10978963,0.78,0.44127875566482544,0.14414895
117,0.8525,0.35553787648677826,0.10765933,0.78,0.43995201587677,0.14361781
118,0.845,0.36492953449487686,0.111461066,0.78,0.4384619891643524,0.1430217
119,0.85125,0.36134175956249237,0.11042662,0.78,0.43717652559280396,0.14255415
120,0.8425,0.3610340505838394,0.110095024,0.79,0.43580180406570435,0.1420146
121,0.8525,0.3554467037320137,0.107783966,0.795,0.43423187732696533,0.14142938
122,0.8475,0.358513705432415,0.108493656,0.8,0.43271464109420776,0.14085138
123,0.8475,0.3544759824872017,0.107666425,0.805,0.43119052052497864,0.14027075
124,0.85625,0.35597458481788635,0.1077528,0.81,0.4295549690723419,0.13962884
125,0.85125,0.35267191380262375,0.106364496,0.815,0.42841389775276184,0.13916425
126,0.855,0.3534618690609932,0.10699883,0.815,0.42686063051223755,0.13856992
127,0.84875,0.35069452226161957,0.105762795,0.81,0.4251721203327179,0.13790995
128,0.855,0.35194236785173416,0.10588823,0.81,0.42376387119293213,0.13732046
129,0.85625,0.35376258194446564,0.107125856,0.815,0.42213016748428345,0.13666219
130,0.86125,0.35327041149139404,0.106077805,0.815,0.42092257738113403,0.13616277
131,0.845,0.3502352684736252,0.10592424,0.815,0.41940003633499146,0.13557117
132,0.85125,0.3482415899634361,0.104608685,0.815,0.41804444789886475,0.13501897
133,0.85125,0.3486601188778877,0.10495536,0.82,0.4165767729282379,0.1344097
134,0.86375,0.34241221100091934,0.10308641,0.82,0.4150316119194031,0.13387206
135,0.8625,0.34043943136930466,0.101721026,0.825,0.41387736797332764,0.13339414
136,0.86,0.34543032944202423,0.103443556,0.825,0.41306930780410767,0.1329948
137,0.8675,0.336469404399395,0.100223824,0.825,0.4117514491081238,0.13250801
138,0.87125,0.33602166920900345,0.100051686,0.825,0.41034236550331116,0.13190222
139,0.8575,0.34388715773820877,0.10327703,0.825,0.40912890434265137,0.13136268
140,0.86,0.34507594257593155,0.10289753,0.83,0.40829145908355713,0.1309566
141,0.85,0.33994726091623306,0.102367766,0.83,0.40706807374954224,0.1304593
142,0.8675,0.340102419257164,0.10172167,0.83,0.4060286283493042,0.12999684
143,0.86,0.3456284925341606,0.10436197,0.83,0.404994934797287,0.12958828
144,0.86125,0.3344109207391739,0.09987881,0.835,0.40391620993614197,0.12914172
145,0.85125,0.3470298945903778,0.10484405,0.835,0.4028110206127167,0.1287312
146,0.87,0.3372669741511345,0.10090265,0.835,0.4017511010169983,0.12829003
147,0.8675,0.3386717140674591,0.10140348,0.835,0.4013655185699463,0.12805659
148,0.87,0.33071169257164,0.09808265,0.84,0.40063172578811646,0.12778713
149,0.865,0.3328755795955658,0.09895182,0.84,0.3997236490249634,0.12736697
150,0.865,0.3308028131723404,0.09887783,0.84,0.39868637919425964,0.12696145
151,0.8675,0.32924076169729233,0.098286286,0.84,0.3980170786380768,0.12665628
152,0.8725,0.32764847576618195,0.097563915,0.84,0.3973080515861511,0.12632142
153,0.8675,0.32781655341386795,0.09743517,0.84,0.39648959040641785,0.12596749
154,0.8675,0.3301289677619934,0.09846697,0.845,0.3960018455982208,0.1257469
155,0.8775,0.3310237377882004,0.09860717,0.84,0.3953099846839905,0.12542209
156,0.86625,0.3321814015507698,0.09937531,0.84,0.39500629901885986,0.12524743
157,0.8725,0.33013908565044403,0.09790802,0.84,0.3945677876472473,0.1250087
158,0.86625,0.32711052894592285,0.097580716,0.84,0.3938855826854706,0.124741904
159,0.86875,0.3246365338563919,0.09611,0.84,0.3934892416000366,0.12456276
160,0.87,0.3216039538383484,0.09501564,0.84,0.39313939213752747,0.12439531
161,0.86625,0.3335023298859596,0.09986744,0.84,0.39255690574645996,0.12411298
162,0.88,0.3177898898720741,0.094015084,0.845,0.39234572649002075,0.124023706
163,0.875,0.3230108618736267,0.09553759,0.84,0.3917158842086792,0.123750776
164,0.87375,0.32021889090538025,0.094864786,0.84,0.39106056094169617,0.12346759
165,0.86375,0.3254985511302948,0.09722859,0.84,0.39073431491851807,0.123334035
166,0.86,0.3354516625404358,0.09949915,0.845,0.3902599811553955,0.12311752
167,0.87,0.32145974785089493,0.096132725,0.845,0.3894457519054413,0.122774094
168,0.86125,0.32734089344739914,0.0982322,0.845,0.3887786865234375,0.12252534
169,0.87,0.3162330314517021,0.09322261,0.845,0.38863247632980347,0.12247473
170,0.87,0.32253292202949524,0.09512635,0.85,0.3881944417953491,0.12224115
171,0.87125,0.3173489570617676,0.093953095,0.85,0.3882388174533844,0.122283526
172,0.8725,0.3226899355649948,0.09549505,0.855,0.3880482614040375,0.12213607
173,0.87625,0.31253378093242645,0.09221773,0.855,0.3881819248199463,0.12221609
174,0.8775,0.3171762600541115,0.09373904,0.855,0.38775721192359924,0.12205915
175,0.88,0.3105117976665497,0.09134187,0.85,0.38764747977256775,0.12208332
176,0.87625,0.3187919408082962,0.09391861,0.845,0.3876994848251343,0.12203882
177,0.865,0.3145053833723068,0.09327409,0.845,0.38744938373565674,0.12192269
178,0.875,0.322694830596447,0.09558634,0.845,0.3870956003665924,0.12174477
179,0.87375,0.31087861210107803,0.09200627,0.845,0.3869995176792145,0.12166163
180,0.86375,0.31417885422706604,0.09345254,0.845,0.3867570459842682,0.12151105
181,0.8825,0.3133099898695946,0.09189251,0.845,0.3866996467113495,0.12143863
182,0.87625,0.31063492596149445,0.09144852,0.845,0.38617801666259766,0.121159144
183,0.86625,0.3153892084956169,0.093504556,0.845,0.3858408033847809,0.12108126
184,0.8675,0.3237673342227936,0.09724318,0.84,0.3857967257499695,0.121084526
185,0.87,0.3155614212155342,0.09315627,0.84,0.3861086964607239,0.12103655
186,0.86875,0.3200111761689186,0.094707526,0.84,0.3860776424407959,0.12102577
187,0.8725,0.3175133913755417,0.094955385,0.84,0.3857710659503937,0.12086535
188,0.8825,0.3078899532556534,0.090835534,0.84,0.38572511076927185,0.120796785
189,0.8675,0.30995164811611176,0.09191552,0.84,0.3857191503047943,0.12085123
190,0.87875,0.3029080033302307,0.089000486,0.84,0.3857451379299164,0.120848715
191,0.8675,0.3105052560567856,0.091947384,0.84,0.3854880928993225,0.120701455
192,0.89,0.2982298731803894,0.08677563,0.84,0.38525381684303284,0.120579
193,0.87625,0.3094053193926811,0.091722384,0.83,0.3853110373020172,0.120612174
194,0.875,0.3042263500392437,0.0895054,0.835,0.3851151764392853,0.12048057
195,0.87625,0.30473315715789795,0.08981162,0.835,0.3850734233856201,0.1204553
196,0.87625,0.3078000470995903,0.09129082,0.835,0.3849043548107147,0.12028074
197,0.88125,0.30628711730241776,0.08999463,0.835,0.38490116596221924,0.12025487
198,0.88125,0.30450963228940964,0.08912584,0.83,0.3848322331905365,0.12018391
199,0.87875,0.3038576543331146,0.08841498,0.83,0.38506415486335754,0.120234996
200,0.8725,0.3030938431620598,0.08919616,0.83,0.38474830985069275,0.12017563
201,0.88,0.3004423826932907,0.08863164,0.83,0.3844771981239319,0.120028056
202,0.87875,0.30147837847471237,0.08795576,0.83,0.3842584490776062,0.11994583
203,0.8775,0.30781834572553635,0.09042208,0.83,0.3839177191257477,0.11983312
204,0.8825,0.29785431921482086,0.08720902,0.83,0.3843342959880829,0.11996277
205,0.88,0.30561522394418716,0.0906416,0.83,0.3845674395561218,0.11999033
206,0.88375,0.3025694936513901,0.08849471,0.835,0.3844956159591675,0.119900316
207,0.89125,0.3011040836572647,0.08737733,0.835,0.38483765721321106,0.11998534
208,0.87875,0.3043261393904686,0.08878929,0.835,0.38474026322364807,0.11991348
209,0.87875,0.30250757932662964,0.08841556,0.835,0.38456809520721436,0.11987936
210,0.8775,0.3057613968849182,0.08999494,0.83,0.3846217393875122,0.11987502
211,0.88,0.3020644709467888,0.08833368,0.83,0.3849639892578125,0.119928315
212,0.885,0.29824385792016983,0.08765159,0.83,0.38508155941963196,0.11997615
213,0.88,0.2949053645133972,0.086259216,0.83,0.3849513530731201,0.119893424
214,0.87875,0.2954951673746109,0.08647446,0.83,0.38501954078674316,0.119942226
215,0.87875,0.29952824115753174,0.08813149,0.835,0.38498446345329285,0.119934045
216,0.88125,0.29810217022895813,0.08838677,0.835,0.3847254514694214,0.11979125
217,0.8725,0.2965979501605034,0.08810911,0.83,0.3847173750400543,0.11980963
218,0.88,0.29107071086764336,0.084623955,0.835,0.38469600677490234,0.11973098
219,0.89,0.29895711690187454,0.08709735,0.83,0.3844127357006073,0.11967472
220,0.88125,0.29583029448986053,0.08657345,0.83,0.3843756914138794,0.11969816
221,0.885,0.29304955154657364,0.08633535,0.825,0.384409636259079,0.119725816
222,0.8825,0.2916587069630623,0.085357435,0.825,0.38417381048202515,0.119681016
223,0.87875,0.29239050298929214,0.08578753,0.83,0.3848645091056824,0.119857185
224,0.885,0.29164692759513855,0.085788995,0.825,0.3846956193447113,0.11976865
225,0.88375,0.29304177314043045,0.0857124,0.825,0.3847704827785492,0.11986141
226,0.885,0.30126068741083145,0.08822343,0.825,0.3849376440048218,0.11992856
227,0.88125,0.2895326763391495,0.084316865,0.825,0.3849610984325409,0.11991007
228,0.87875,0.2920869067311287,0.08553116,0.825,0.3849615454673767,0.119909376
229,0.89375,0.28721457719802856,0.08370696,0.825,0.3851127326488495,0.11989815
230,0.88,0.2867051288485527,0.0836862,0.825,0.38492336869239807,0.11978479
231,0.87875,0.2945770174264908,0.0871014,0.825,0.38453710079193115,0.11972073
232,0.88875,0.28955070301890373,0.08497714,0.825,0.3843574523925781,0.11952922
233,0.88625,0.2859463170170784,0.08298905,0.825,0.384802907705307,0.11966449
234,0.885,0.2865761071443558,0.083708,0.825,0.3847159445285797,0.1196271
235,0.88375,0.29677340388298035,0.0872624,0.825,0.38467204570770264,0.11964118
236,0.89375,0.28656570613384247,0.08370781,0.825,0.3845028281211853,0.119506896
237,0.89125,0.29219842702150345,0.08518372,0.825,0.3844124972820282,0.11948863
238,0.8925,0.28885550051927567,0.08390947,0.82,0.38471001386642456,0.119393356
239,0.89375,0.28577902913093567,0.083495826,0.82,0.3844750225543976,0.11938341
240,0.89,0.29140210896730423,0.084513165,0.82,0.3847288489341736,0.11941715
241,0.88625,0.2944754511117935,0.08636581,0.82,0.3846786618232727,0.11938704
242,0.8925,0.28107357025146484,0.080957025,0.82,0.38456112146377563,0.11925871
243,0.88875,0.28115924447774887,0.08169594,0.82,0.3842391073703766,0.11898883
244,0.89125,0.2833675220608711,0.08239999,0.82,0.38412415981292725,0.1190446
245,0.8925,0.28884531557559967,0.08332045,0.82,0.38436654210090637,0.11901332
246,0.895,0.28656577318906784,0.08298757,0.82,0.38357865810394287,0.118825644
247,0.8875,0.2825356014072895,0.08253318,0.815,0.3835605978965759,0.118760034
248,0.89,0.28477316349744797,0.08319643,0.815,0.38369372487068176,0.118678845
249,0.89625,0.2851702496409416,0.0827994,0.82,0.3838387429714203,0.11862538
250,0.88375,0.2754979357123375,0.08023998,0.82,0.3835600018501282,0.11844379
251,0.90125,0.2783886790275574,0.08057178,0.82,0.38328444957733154,0.118418664
252,0.88875,0.288334384560585,0.08351847,0.815,0.3829803168773651,0.11831781
253,0.8875,0.2770243175327778,0.08093303,0.825,0.3829011917114258,0.11840418
254,0.89125,0.28188591450452805,0.08229876,0.815,0.3832610845565796,0.11851472
255,0.88625,0.2803613319993019,0.08163523,0.82,0.3831971287727356,0.11841397
256,0.88125,0.28749115765094757,0.084457986,0.815,0.38299980759620667,0.11851134
257,0.8875,0.27735667675733566,0.08003763,0.82,0.38270342350006104,0.11837646
258,0.9,0.27543751150369644,0.079751134,0.815,0.3828470706939697,0.11835452
259,0.89875,0.2770991921424866,0.08007689,0.815,0.3832446336746216,0.11848896
260,0.88875,0.2835599556565285,0.08224476,0.815,0.3831511437892914,0.11860479
261,0.90125,0.28022897243499756,0.08043316,0.815,0.38369277119636536,0.118546456
262,0.895,0.27744148671627045,0.08058803,0.82,0.3843517601490021,0.118613936
263,0.885,0.28938285633921623,0.0848641,0.815,0.383266806602478,0.11833947
264,0.89375,0.27334366738796234,0.07905937,0.815,0.3835252821445465,0.11841261
265,0.89,0.2866411656141281,0.08373619,0.815,0.3838774561882019,0.1187958
266,0.88875,0.27614568918943405,0.08019077,0.815,0.38392436504364014,0.11872721
267,0.89,0.2697605490684509,0.07771561,0.82,0.38325339555740356,0.11855886
268,0.8925,0.27246765047311783,0.07811604,0.82,0.3832422196865082,0.11839452
269,0.8925,0.2684025838971138,0.07714949,0.82,0.38301095366477966,0.11845539
270,0.8975,0.27384308353066444,0.07880129,0.82,0.38228869438171387,0.118120395
271,0.89,0.27401820197701454,0.07988433,0.82,0.3826218843460083,0.11830609
272,0.9,0.27080146223306656,0.07799201,0.82,0.3816635012626648,0.117866665
273,0.89125,0.2735319919884205,0.079417475,0.82,0.3817882537841797,0.1178012
274,0.88875,0.27235381305217743,0.07916874,0.82,0.38172703981399536,0.11783555
275,0.89,0.27402164041996,0.079411514,0.82,0.3817887008190155,0.11794314
276,0.8975,0.2698831856250763,0.07834026,0.82,0.38225436210632324,0.11777538
277,0.895,0.26742733642458916,0.07771346,0.82,0.38187849521636963,0.11781591
278,0.9025,0.27298426628112793,0.078079075,0.82,0.381387859582901,0.11761628
279,0.89625,0.2680983245372772,0.07777271,0.82,0.3813338875770569,0.117587306
280,0.89,0.27460602670907974,0.07970721,0.82,0.38104385137557983,0.11756724
281,0.9,0.273161344230175,0.078159906,0.82,0.3807746469974518,0.11746914
282,0.895,0.2705893963575363,0.0783626,0.82,0.3806738257408142,0.11739653
283,0.88875,0.2786436937749386,0.081112355,0.82,0.3814789950847626,0.11730924
284,0.9,0.27186083793640137,0.07874206,0.82,0.3809942305088043,0.11732405
285,0.9,0.2740727514028549,0.07833724,0.815,0.3816322684288025,0.11745537
286,0.89875,0.2707345262169838,0.07740272,0.82,0.38142335414886475,0.11762639
287,0.8875,0.275148868560791,0.080017984,0.82,0.3818455934524536,0.117770605
288,0.89875,0.2769681066274643,0.08098371,0.82,0.3808218240737915,0.11767923
289,0.90125,0.2698955424129963,0.07820492,0.82,0.38127395510673523,0.11790059
290,0.905,0.27387623488903046,0.078442305,0.82,0.3816699981689453,0.11794363
291,0.89875,0.269882008433342,0.07775979,0.82,0.380672812461853,0.1174937
292,0.90125,0.27188344299793243,0.07756297,0.82,0.3802136480808258,0.11722221
293,0.90125,0.26744138449430466,0.07701224,0.82,0.38065606355667114,0.11726976
294,0.895,0.2701198011636734,0.07849731,0.82,0.3810179829597473,0.11742029
295,0.9,0.26240504905581474,0.07582661,0.82,0.3819378614425659,0.11750438
296,0.9075,0.2636127322912216,0.07499365,0.82,0.38148024678230286,0.117455654
297,0.90125,0.2659747675061226,0.07625867,0.82,0.3810870051383972,0.117220186
298,0.89375,0.2792467027902603,0.08095778,0.82,0.38040149211883545,0.1169776
299,0.89875,0.2717849016189575,0.0782431,0.82,0.38059085607528687,0.117126115
300,0.90375,0.2544119283556938,0.07330635,0.82,0.3814416527748108,0.117339365
301,0.90625,0.2670564353466034,0.07664652,0.82,0.38138440251350403,0.11726736
302,0.8925,0.26573020964860916,0.07755763,0.82,0.3815844655036926,0.1173515
303,0.9025,0.2810750938951969,0.08115151,0.82,0.38019198179244995,0.11713088
304,0.90625,0.26651906222105026,0.0764518,0.82,0.3808630108833313,0.117188655
305,0.90875,0.26293185353279114,0.075604476,0.82,0.3807803988456726,0.117124625
306,0.9,0.2589060664176941,0.075251505,0.82,0.3810782730579376,0.11729771
307,0.90875,0.26317858695983887,0.07534673,0.82,0.38092952966690063,0.11715785
308,0.90375,0.2574778199195862,0.07392165,0.825,0.38143759965896606,0.11764861
309,0.89,0.2677815780043602,0.07813853,0.82,0.3810310363769531,0.11754194
310,0.9,0.25957655906677246,0.07454146,0.82,0.38109809160232544,0.11728563
311,0.895,0.2639225423336029,0.07602825,0.82,0.3808600604534149,0.11728167
312,0.90125,0.2618485763669014,0.07489277,0.82,0.38011282682418823,0.116906464
313,0.9,0.26079506427049637,0.074623205,0.82,0.38032886385917664,0.11709342
314,0.9,0.2660100758075714,0.07706616,0.82,0.37974730134010315,0.116893396
315,0.8925,0.2680414915084839,0.078054115,0.825,0.3806358575820923,0.11700307
316,0.89625,0.2627708353102207,0.076049194,0.825,0.38034021854400635,0.11691289
317,0.895,0.26675304770469666,0.076735295,0.825,0.37993568181991577,0.1169329
318,0.89625,0.26120593398809433,0.07561642,0.825,0.37911832332611084,0.11670361
319,0.89875,0.2599646858870983,0.07540358,0.825,0.3792641758918762,0.11658345
320,0.90625,0.2602361962199211,0.07484118,0.825,0.37990161776542664,0.11681138
321,0.895,0.2653339169919491,0.07724862,0.825,0.37993311882019043,0.11677247
322,0.90375,0.2525569908320904,0.07225622,0.825,0.3795529305934906,0.11656499
323,0.90625,0.25548259541392326,0.073879525,0.825,0.37926185131073,0.1163404
324,0.8975,0.2715611755847931,0.07912245,0.825,0.3796805143356323,0.116509005
325,0.89625,0.2615658938884735,0.0753635,0.83,0.38062363862991333,0.116775505
326,0.9,0.26781846582889557,0.07860787,0.825,0.37916791439056396,0.116371535
327,0.90375,0.2725461646914482,0.078450486,0.825,0.378574401140213,0.11645274
328,0.9,0.25803132727742195,0.07441228,0.825,0.3792811334133148,0.11657998
329,0.9025,0.25349901989102364,0.072971076,0.825,0.3797123432159424,0.116646186
330,0.895,0.261519480496645,0.07578824,0.825,0.3797789514064789,0.116728105
331,0.9,0.2585050202906132,0.074727066,0.83,0.37995582818984985,0.11695627
332,0.9,0.25383028388023376,0.073554896,0.83,0.3805573582649231,0.11704643
333,0.90375,0.25429752096533775,0.072856575,0.83,0.3807273805141449,0.11718703
334,0.895,0.2562086209654808,0.07403404,0.835,0.3809833228588104,0.11700164
335,0.90625,0.2562968581914902,0.07391998,0.83,0.3804694712162018,0.11678696
336,0.905,0.25290781632065773,0.07346444,0.83,0.38061636686325073,0.11669173
337,0.90375,0.25338243693113327,0.0728378,0.83,0.3805159628391266,0.11675804
338,0.9,0.26071277633309364,0.07543248,0.83,0.3801724910736084,0.11659536
339,0.90125,0.25813955813646317,0.0741692,0.83,0.3801380395889282,0.11658455
340,0.90125,0.2563866227865219,0.07393487,0.83,0.37985852360725403,0.11673238
341,0.89625,0.260238703340292,0.075553074,0.83,0.3801751434803009,0.116725646
342,0.90125,0.25204748287796974,0.07307455,0.83,0.3805673122406006,0.116851434
343,0.91,0.25001008808612823,0.07134802,0.83,0.3801732659339905,0.11681355
344,0.9125,0.2461548149585724,0.070656255,0.83,0.3810340166091919,0.117105685
345,0.9,0.2516918517649174,0.07232277,0.83,0.3810567855834961,0.11703072
346,0.9075,0.25851789116859436,0.07448687,0.83,0.3811529874801636,0.117038116
347,0.9,0.2603348270058632,0.07447275,0.83,0.3815469443798065,0.11698471
348,0.895,0.26796091347932816,0.078422435,0.83,0.38096582889556885,0.117364995
349,0.905,0.25930970534682274,0.07507671,0.83,0.38092872500419617,0.11730105
350,0.90125,0.2510128729045391,0.072016366,0.83,0.3813565969467163,0.11745852
351,0.9025,0.2531251832842827,0.07288868,0.83,0.3808914124965668,0.11712208
352,0.9025,0.24913523346185684,0.07146966,0.83,0.38108840584754944,0.11700146
353,0.90125,0.25324326008558273,0.07205487,0.83,0.3806350827217102,0.11686123
354,0.89875,0.2464093714952469,0.070465565,0.83,0.38071614503860474,0.11667698
355,0.90625,0.24784405156970024,0.07121378,0.83,0.3807535469532013,0.11673416
356,0.9025,0.25346576049923897,0.07418097,0.83,0.3800850212574005,0.11653766
357,0.89625,0.25541122257709503,0.07389651,0.83,0.38007432222366333,0.11664107
358,0.90375,0.26094117760658264,0.07499156,0.83,0.3808444142341614,0.116804056
359,0.9025,0.2534749358892441,0.072742656,0.83,0.3807251751422882,0.117074735
360,0.90875,0.24813758209347725,0.07155312,0.83,0.38136282563209534,0.11713439
361,0.8975,0.25212541967630386,0.0733744,0.835,0.38158702850341797,0.11714092
362,0.9,0.2569500133395195,0.07498275,0.83,0.38127467036247253,0.117184736
363,0.90625,0.2470656931400299,0.07084541,0.83,0.38096722960472107,0.11688079
364,0.9025,0.2520540729165077,0.07286172,0.83,0.38157883286476135,0.116802245
365,0.90375,0.24528352543711662,0.07040905,0.83,0.38161757588386536,0.11679866
366,0.905,0.2430887445807457,0.06959738,0.83,0.38131213188171387,0.11661997
367,0.905,0.2457779012620449,0.07097728,0.83,0.38068675994873047,0.11647874
368,0.91375,0.2406347617506981,0.06841357,0.83,0.38073956966400146,0.11629557
369,0.9075,0.24511147662997246,0.07056003,0.83,0.3804524540901184,0.11636594
370,0.90125,0.24759823083877563,0.07122654,0.83,0.3816164433956146,0.116464265
371,0.90125,0.2542397491633892,0.07379124,0.83,0.381127268075943,0.11651067
372,0.9075,0.24378793686628342,0.06980762,0.83,0.3808753192424774,0.11626187
373,0.905,0.24036460369825363,0.06885088,0.83,0.3803570866584778,0.11625602
374,0.9025,0.24711396172642708,0.070924714,0.83,0.3800245225429535,0.11629121
375,0.90125,0.24562129378318787,0.06998816,0.83,0.3815128207206726,0.11671013
376,0.90875,0.2512206807732582,0.071831554,0.835,0.38156601786613464,0.116759844
377,0.90875,0.23938296735286713,0.06818971,0.835,0.38150501251220703,0.11669623
378,0.91375,0.24657275527715683,0.06981806,0.83,0.3804943561553955,0.1165337
379,0.9025,0.24947024881839752,0.07261894,0.83,0.37992051243782043,0.11627252
380,0.9075,0.2414456233382225,0.06913181,0.83,0.3806147873401642,0.11652214
381,0.9,0.24411748722195625,0.0702976,0.83,0.38044482469558716,0.11668318
382,0.9,0.24801186099648476,0.07170986,0.83,0.38090404868125916,0.11683514
383,0.905,0.24462879076600075,0.070540406,0.83,0.38124075531959534,0.116870835
384,0.9075,0.24766073003411293,0.0708236,0.83,0.38076847791671753,0.11674292
385,0.90125,0.2463521659374237,0.07039912,0.83,0.3817359209060669,0.11676093
386,0.90625,0.24590611085295677,0.07042226,0.83,0.3814854323863983,0.11669371
387,0.90625,0.24429794773459435,0.07050922,0.835,0.3819296956062317,0.11677241
388,0.905,0.2431243732571602,0.07017213,0.835,0.382375031709671,0.11708284
389,0.90875,0.23911849409341812,0.06850332,0.835,0.3821239471435547,0.11669393
390,0.91125,0.24293475225567818,0.06922456,0.83,0.3816119134426117,0.11686947
391,0.90875,0.24770884588360786,0.071932785,0.83,0.38184264302253723,0.116937816
392,0.905,0.2431551329791546,0.070087545,0.835,0.38222724199295044,0.11697779
393,0.9125,0.23712538555264473,0.06775563,0.83,0.38180801272392273,0.1165868
394,0.90625,0.24064137786626816,0.069410585,0.835,0.3815481662750244,0.1166879
395,0.915,0.24220649152994156,0.06859348,0.835,0.3823966085910797,0.11660803
396,0.91,0.2357163280248642,0.067377165,0.835,0.38344570994377136,0.11681401
397,0.8975,0.2485666647553444,0.072624795,0.83,0.3816797137260437,0.11643229
398,0.9,0.24447984993457794,0.07167663,0.835,0.38227349519729614,0.11658848
399,0.89875,0.24673740193247795,0.07155356,0.83,0.3807181417942047,0.11649253
400,0.90625,0.23605501651763916,0.06776635,0.835,0.38134196400642395,0.1165157
401,0.9075,0.24072778597474098,0.06850163,0.835,0.38219401240348816,0.11682527
402,0.905,0.23839819058775902,0.06931924,0.83,0.38125789165496826,0.11686996
403,0.90375,0.24024343118071556,0.06948555,0.83,0.38059884309768677,0.116404474
404,0.9075,0.23874179273843765,0.06858644,0.83,0.3809283375740051,0.11660378
405,0.89875,0.2394709698855877,0.06954435,0.83,0.38081222772598267,0.116555154
406,0.90625,0.23898648470640182,0.06873991,0.835,0.38175612688064575,0.11646641
407,0.8975,0.24250012263655663,0.070595495,0.835,0.38210365176200867,0.11679591
408,0.9125,0.2470591589808464,0.07100664,0.835,0.382218599319458,0.116905235
409,0.90875,0.23417264595627785,0.06701266,0.835,0.38244524598121643,0.11682081
410,0.9075,0.24414126574993134,0.07060938,0.825,0.38097816705703735,0.11655712
411,0.905,0.24812617897987366,0.0722428,0.825,0.38167789578437805,0.11661073
412,0.90125,0.2415844313800335,0.070373476,0.825,0.38209637999534607,0.11684557
413,0.90875,0.23727351799607277,0.06814299,0.825,0.3826935887336731,0.11697143
414,0.915,0.23759717121720314,0.06780236,0.83,0.3840777575969696,0.11731653
415,0.90125,0.25356410816311836,0.07450716,0.82,0.38410964608192444,0.11792211
416,0.915,0.23694118112325668,0.06781359,0.83,0.383736789226532,0.117575094
417,0.9,0.25131669268012047,0.07289903,0.835,0.38458582758903503,0.117434986
418,0.905,0.24694332480430603,0.071783476,0.83,0.3827100396156311,0.11651056
419,0.9025,0.2458578422665596,0.07094379,0.835,0.38446205854415894,0.11670787
420,0.91,0.24124137684702873,0.06831991,0.83,0.3844471275806427,0.11694754
421,0.9125,0.23370195552706718,0.066790804,0.83,0.3848126232624054,0.11689646
422,0.91125,0.23828142136335373,0.06797245,0.83,0.38480666279792786,0.11698761
423,0.9025,0.23952894657850266,0.06928107,0.83,0.3854754567146301,0.117341384
424,0.91625,0.23243648186326027,0.066715695,0.83,0.3844761252403259,0.117250815
425,0.9075,0.2409897744655609,0.06966128,0.825,0.38345077633857727,0.11699645
426,0.905,0.24213022738695145,0.07001032,0.83,0.38405293226242065,0.117293365
427,0.90875,0.23951031640172005,0.069059685,0.82,0.3829439878463745,0.11759152
428,0.905,0.2403743788599968,0.06958911,0.825,0.3829417824745178,0.117469765
429,0.91125,0.23392683640122414,0.06706537,0.825,0.3829972743988037,0.117170334
430,0.91125,0.23766888678073883,0.068773024,0.835,0.3839186429977417,0.11726816
431,0.91625,0.23383967950940132,0.06683805,0.835,0.38382425904273987,0.11691185
432,0.90875,0.23121218755841255,0.066802785,0.835,0.3830759525299072,0.11661271
433,0.9075,0.23311340436339378,0.06708529,0.835,0.3842397928237915,0.11686468
434,0.91625,0.22774852439761162,0.06568081,0.83,0.383565753698349,0.11670784
435,0.91125,0.2432890497148037,0.07010146,0.83,0.38277187943458557,0.11668988
436,0.91,0.235056072473526,0.0679122,0.83,0.38348427414894104,0.11672976
437,0.91625,0.23470953479409218,0.06735827,0.83,0.3833480775356293,0.11708123
438,0.90125,0.24278682842850685,0.071582735,0.83,0.38311097025871277,0.11699179
439,0.9075,0.23587989807128906,0.068244606,0.83,0.3822135031223297,0.116654284
440,0.91375,0.23121197894215584,0.06576045,0.835,0.38551339507102966,0.117278814
441,0.90875,0.23387601599097252,0.0674508,0.835,0.3871496915817261,0.117677644
442,0.90875,0.23258888348937035,0.06687597,0.835,0.3866123855113983,0.11717554
443,0.90375,0.23955653607845306,0.07029935,0.835,0.38581931591033936,0.117565006
444,0.9125,0.2296171486377716,0.0659157,0.835,0.3856218755245209,0.1175717
445,0.90375,0.2392234429717064,0.0695146,0.825,0.38378071784973145,0.11770987
446,0.90625,0.2424154132604599,0.071895786,0.825,0.3836398720741272,0.11733136
447,0.9125,0.2287527397274971,0.065791786,0.825,0.3843797445297241,0.11755343
448,0.91,0.23506217449903488,0.067290924,0.83,0.38383567333221436,0.1171568
449,0.90875,0.23352262005209923,0.06762245,0.825,0.3826957643032074,0.11709966
450,0.905,0.23489228636026382,0.067943186,0.83,0.3841397762298584,0.11718417
451,0.91125,0.231309462338686,0.06619576,0.83,0.3839530944824219,0.117110185
452,0.90875,0.23565184324979782,0.06719072,0.825,0.3847186267375946,0.11741692
453,0.90125,0.23192624002695084,0.067490056,0.835,0.3867526650428772,0.117320165
454,0.90625,0.23164113610982895,0.067012265,0.835,0.3860589861869812,0.11728671
455,0.915,0.2284640334546566,0.0654193,0.83,0.3841736614704132,0.11668993
456,0.91,0.23820360377430916,0.06782238,0.83,0.384275883436203,0.11720777
457,0.91,0.23288987949490547,0.067228824,0.835,0.3855547606945038,0.11760336
458,0.9175,0.2270638830959797,0.064914934,0.835,0.3870137333869934,0.11798894
459,0.9125,0.23272687941789627,0.06675533,0.83,0.3870214819908142,0.11801645
460,0.90625,0.23789820820093155,0.06900797,0.83,0.3874266743659973,0.117710285
461,0.9125,0.22683897241950035,0.06508683,0.835,0.38908445835113525,0.11777721
462,0.9025,0.22872648760676384,0.066841915,0.835,0.38721001148223877,0.117294386
463,0.90125,0.23673182353377342,0.06962563,0.825,0.38554275035858154,0.11766927
464,0.91,0.23026183620095253,0.0667128,0.82,0.3863373100757599,0.117915295
465,0.905,0.22906581684947014,0.06649705,0.83,0.3882562220096588,0.11818453
466,0.91375,0.22686773911118507,0.06491409,0.83,0.38808581233024597,0.11794435
467,0.9125,0.221185814589262,0.06350191,0.83,0.3890242278575897,0.11780456
468,0.91875,0.22785185277462006,0.06516073,0.83,0.3894031047821045,0.11807856
469,0.91875,0.21958309039473534,0.062009238,0.83,0.387217253446579,0.117551945
470,0.90625,0.23126689344644547,0.06681965,0.83,0.38801202178001404,0.11769607
471,0.91625,0.23080915212631226,0.06657518,0.83,0.38718634843826294,0.11750919
472,0.90375,0.2420388013124466,0.07028869,0.825,0.38753560185432434,0.11798013
473,0.91625,0.225643590092659,0.06454706,0.825,0.388802170753479,0.118607186
474,0.9125,0.22828177735209465,0.065777205,0.825,0.3894142508506775,0.11849885
475,0.90875,0.2311258614063263,0.066545345,0.83,0.39067596197128296,0.118244916
476,0.90375,0.23115136474370956,0.06722513,0.825,0.38814789056777954,0.11838113
477,0.91375,0.23833589628338814,0.06847774,0.825,0.3871225416660309,0.11846252
478,0.91375,0.2292671911418438,0.06591442,0.825,0.38841232657432556,0.11830135
479,0.915,0.22443363443017006,0.06392243,0.825,0.38865894079208374,0.11774012
480,0.915,0.21932819485664368,0.06255033,0.825,0.39057618379592896,0.11825773
481,0.91,0.22386285290122032,0.06444736,0.83,0.3914119005203247,0.11814313
482,0.9225,0.2221827320754528,0.062526815,0.83,0.3927595615386963,0.11808241
483,0.90875,0.22259213030338287,0.064575106,0.83,0.3932812213897705,0.11865409
484,0.915,0.22179855406284332,0.063675664,0.825,0.39435431361198425,0.11923563
485,0.9075,0.22915591672062874,0.06651711,0.835,0.3950975835323334,0.11900932
486,0.91875,0.22006994113326073,0.063114025,0.835,0.393874853849411,0.118508406
487,0.91375,0.22588223591446877,0.06494501,0.835,0.3961755633354187,0.1190227
488,0.92,0.22596105188131332,0.06485962,0.835,0.39675772190093994,0.11951538
489,0.9125,0.2271052934229374,0.06571156,0.835,0.396982342004776,0.11952648
490,0.915,0.22185340151190758,0.063840315,0.835,0.39769691228866577,0.1196128
491,0.91625,0.22284280881285667,0.06378995,0.83,0.39603984355926514,0.119207375
492,0.9175,0.2233879379928112,0.064064816,0.83,0.3965372145175934,0.119728915
493,0.92,0.2195194661617279,0.06349307,0.835,0.39454540610313416,0.118660755
494,0.915,0.2222353219985962,0.0640687,0.83,0.3938721716403961,0.118325986
495,0.9175,0.22203781083226204,0.063392274,0.825,0.39475783705711365,0.118882015
496,0.91375,0.21814750134944916,0.062323913,0.83,0.39514485001564026,0.11838042
497,0.915,0.2161305956542492,0.061715417,0.83,0.396396279335022,0.119300164
498,0.91875,0.22470833733677864,0.06437987,0.835,0.39679253101348877,0.11915264
499,0.9125,0.2249499186873436,0.06525442,0.835,0.39661186933517456,0.11891162
500,0.9175,0.23383091017603874,0.06790519,0.835,0.3967381417751312,0.11887932
501,0.9125,0.2250811830163002,0.06454772,0.825,0.39643609523773193,0.11930703
502,0.91625,0.22159787639975548,0.06389324,0.82,0.3967481553554535,0.11920073
503,0.91625,0.22447405010461807,0.0642519,0.825,0.39888709783554077,0.119801134
504,0.91875,0.2193717546761036,0.062083974,0.825,0.4012448489665985,0.120260574
505,0.91875,0.2156599760055542,0.06112673,0.82,0.39959678053855896,0.12002227
506,0.92125,0.22160016745328903,0.06350746,0.84,0.40125352144241333,0.11966735
507,0.9225,0.21782809123396873,0.06249441,0.83,0.40480589866638184,0.1211763
508,0.915,0.22306767478585243,0.064383015,0.84,0.40481436252593994,0.12070736
509,0.91375,0.22658947855234146,0.06594207,0.83,0.39970850944519043,0.11976721
510,0.9175,0.2221197597682476,0.06388893,0.83,0.39819568395614624,0.11971902
511,0.915,0.22786856815218925,0.06640241,0.83,0.396852046251297,0.11867693
512,0.91625,0.22273719310760498,0.06341942,0.83,0.39915767312049866,0.11935241
513,0.9225,0.22185593470931053,0.063098915,0.82,0.39736324548721313,0.11907636
514,0.915,0.21761329099535942,0.0623395,0.83,0.4020249545574188,0.120414354
515,0.91,0.22826139256358147,0.06625733,0.83,0.3998505473136902,0.11939222
516,0.9125,0.22089312225580215,0.06354718,0.83,0.3982508182525635,0.11882758
517,0.9225,0.2161293812096119,0.06223204,0.825,0.3996070921421051,0.11933528
518,0.91125,0.21984265372157097,0.063363604,0.83,0.40097224712371826,0.11969448
519,0.91125,0.22741293534636497,0.06666824,0.83,0.40273579955101013,0.12018024
520,0.91,0.22758782655000687,0.06632134,0.825,0.4027956426143646,0.12028482
521,0.9175,0.21839412674307823,0.06230754,0.82,0.402871698141098,0.12014703
522,0.91375,0.2172285057604313,0.06287305,0.82,0.40171077847480774,0.119616985
523,0.90375,0.2445359043776989,0.07131372,0.82,0.3984178900718689,0.11965477
524,0.9175,0.22097380459308624,0.06334944,0.825,0.4027247130870819,0.121174335
525,0.91625,0.21861400827765465,0.06330303,0.825,0.40421149134635925,0.12083073
526,0.9175,0.2239571176469326,0.06422064,0.825,0.4030590057373047,0.1193691
527,0.92,0.21881192550063133,0.062209416,0.825,0.4037204384803772,0.11939235
528,0.91625,0.21710824966430664,0.062417544,0.82,0.40498271584510803,0.120042704
529,0.91875,0.21508192643523216,0.06182194,0.83,0.40815749764442444,0.12102222
530,0.92,0.21713140979409218,0.06192398,0.83,0.40751808881759644,0.121356905
531,0.915,0.21604330465197563,0.06238261,0.83,0.40642642974853516,0.12103336
532,0.9075,0.22924728319048882,0.06695858,0.825,0.40215957164764404,0.12019766
533,0.91625,0.22987094521522522,0.06654413,0.82,0.4023706316947937,0.11951795
534,0.9125,0.22756794095039368,0.06620882,0.83,0.40262067317962646,0.118569046
535,0.91625,0.22145332023501396,0.06500085,0.83,0.40129148960113525,0.11871078
536,0.92625,0.2159484475851059,0.061566915,0.825,0.40334153175354004,0.11953806
537,0.915,0.2168663702905178,0.061917514,0.84,0.4048277735710144,0.119818754
538,0.91875,0.21426570042967796,0.06174617,0.835,0.40708884596824646,0.120612204
539,0.915,0.211196418851614,0.06038084,0.835,0.41083237528800964,0.121575326
540,0.91375,0.22879504412412643,0.0672531,0.825,0.4100075960159302,0.12224648
541,0.9175,0.21954549103975296,0.06330215,0.83,0.407719224691391,0.12169611
542,0.9175,0.21461736038327217,0.06153356,0.83,0.40852978825569153,0.12130645
543,0.92375,0.2122531197965145,0.06082858,0.84,0.40748393535614014,0.1190236
544,0.91375,0.22232817858457565,0.064362146,0.84,0.4073121249675751,0.11970392
545,0.9175,0.21261654794216156,0.06115345,0.84,0.4071026146411896,0.1199343
546,0.91375,0.217110525816679,0.06314895,0.825,0.40480583906173706,0.12069754
547,0.9075,0.22677578777074814,0.066296995,0.825,0.405339777469635,0.12061362
548,0.91875,0.21747930347919464,0.06295738,0.825,0.40556204319000244,0.1211821
549,0.91625,0.21533995866775513,0.06200441,0.825,0.4028650224208832,0.12004331
550,0.91625,0.22415584698319435,0.064729355,0.825,0.4019186496734619,0.119463354
551,0.915,0.21697183325886726,0.061727356,0.83,0.40538811683654785,0.12099095
552,0.9125,0.21497441828250885,0.061876666,0.825,0.4071466028690338,0.120751925
553,0.92625,0.2144373543560505,0.060538787,0.825,0.40760672092437744,0.12059517
554,0.91,0.2170562669634819,0.0631834,0.825,0.4056389331817627,0.12058384
555,0.92625,0.21360472217202187,0.060869385,0.825,0.40611153841018677,0.120237075
556,0.91,0.2194991074502468,0.0637044,0.83,0.4048186242580414,0.11919665
557,0.92125,0.20925793424248695,0.060253307,0.825,0.40664100646972656,0.120304585
558,0.91625,0.2143642194569111,0.061206497,0.825,0.4063020348548889,0.119776614
559,0.92625,0.2109622210264206,0.060633734,0.84,0.40908679366111755,0.119240046
560,0.9225,0.20748956128954887,0.059512414,0.83,0.4111427366733551,0.12052655
561,0.91875,0.2113739810883999,0.06130711,0.83,0.40857940912246704,0.119733974
562,0.9125,0.21663307398557663,0.06315028,0.83,0.40769362449645996,0.120421216
563,0.915,0.21619271114468575,0.06200395,0.83,0.4091058671474457,0.120832354
564,0.91625,0.21524876356124878,0.0623588,0.83,0.41372916102409363,0.121576674
565,0.92,0.21282710880041122,0.061252557,0.83,0.41224560141563416,0.12174181
566,0.9225,0.21982286497950554,0.063632704,0.835,0.4140807092189789,0.12088847
567,0.915,0.21251818910241127,0.061410885,0.83,0.41212502121925354,0.12134781
568,0.9225,0.21211525052785873,0.062086392,0.825,0.4099235236644745,0.12067565
569,0.91875,0.21450457721948624,0.061524533,0.825,0.4095199704170227,0.120457865
570,0.9225,0.21383712068200111,0.060786787,0.825,0.40862777829170227,0.12078555
571,0.9175,0.21989740803837776,0.063841455,0.825,0.4050447344779968,0.118944645
572,0.91875,0.20442547649145126,0.058269996,0.825,0.4093858599662781,0.120534115
573,0.9275,0.20628930628299713,0.05878322,0.825,0.4097427725791931,0.120545454
574,0.91875,0.20845380425453186,0.059335623,0.83,0.40941113233566284,0.12098823
575,0.91875,0.2089424431324005,0.06007596,0.83,0.4101589620113373,0.12143378
576,0.91625,0.2153940200805664,0.06212348,0.825,0.41086041927337646,0.12081793
577,0.915,0.21357988566160202,0.06254175,0.825,0.40774455666542053,0.11990933
578,0.92,0.2135716862976551,0.06111795,0.825,0.4066033959388733,0.119913414
579,0.91375,0.2169833704829216,0.06310974,0.825,0.4096545875072479,0.12055726
580,0.91125,0.22162874042987823,0.0652025,0.825,0.40970200300216675,0.12037075
581,0.91625,0.21064447984099388,0.060656816,0.83,0.41360342502593994,0.12085751
582,0.9175,0.20952002331614494,0.059937943,0.83,0.41468334197998047,0.120746575
583,0.9175,0.21089288964867592,0.060517587,0.83,0.4134325683116913,0.12038793
584,0.9225,0.2083844505250454,0.059645265,0.83,0.4144541025161743,0.120945595
585,0.91875,0.20638194307684898,0.059189886,0.825,0.41330620646476746,0.121103264
586,0.91625,0.2122214362025261,0.062197093,0.83,0.41310060024261475,0.12065077
587,0.925,0.21385293826460838,0.060958747,0.825,0.4118088185787201,0.12063724
588,0.91875,0.20959404110908508,0.060071874,0.83,0.4087432622909546,0.11898015
589,0.91375,0.22255855798721313,0.06501266,0.825,0.40784287452697754,0.11879806
590,0.92,0.2074083313345909,0.05949514,0.825,0.414061039686203,0.12167556
591,0.92125,0.2040976881980896,0.05905763,0.825,0.4107978045940399,0.12124281
592,0.91,0.22430456057190895,0.06598268,0.825,0.41791579127311707,0.12264688
593,0.92875,0.20521996170282364,0.05832347,0.825,0.41364365816116333,0.1209006
594,0.915,0.2104511819779873,0.06058907,0.825,0.4194178879261017,0.12310164
595,0.9225,0.20469121634960175,0.057915412,0.825,0.4204743206501007,0.12321987
596,0.915,0.21201679855585098,0.061397858,0.825,0.4212554097175598,0.12278225
597,0.92125,0.21039506793022156,0.06061521,0.825,0.41770240664482117,0.12106842
598,0.9225,0.2102099508047104,0.060370397,0.825,0.4168213903903961,0.12094171
599,0.91875,0.20660550519824028,0.059983492,0.825,0.4200551509857178,0.12193626
600,0.92,0.2087925747036934,0.060664818,0.825,0.421019583940506,0.122524045
601,0.92625,0.20559506118297577,0.05940195,0.825,0.4195460379123688,0.12245646
602,0.9175,0.2092066891491413,0.060656294,0.825,0.4167919158935547,0.12159321
603,0.91875,0.21292691305279732,0.06225751,0.825,0.4169493019580841,0.121081494
604,0.92375,0.2049589902162552,0.05887893,0.825,0.4191243648529053,0.12176732
605,0.9175,0.20577814057469368,0.059655465,0.825,0.42288443446159363,0.12298972
606,0.91875,0.21006612852215767,0.06064466,0.825,0.42218562960624695,0.12301406
607,0.91375,0.2103373073041439,0.061142646,0.825,0.4188256561756134,0.1225932
608,0.92125,0.20551734790205956,0.059176307,0.82,0.41530323028564453,0.121148586
609,0.92625,0.20320896059274673,0.058387455,0.825,0.41693419218063354,0.12177638
610,0.92625,0.20208178833127022,0.0582561,0.825,0.4159127473831177,0.121821955
611,0.91625,0.21466662734746933,0.0625431,0.82,0.4145427346229553,0.12165126
612,0.91625,0.20757217332720757,0.06040476,0.825,0.4116229712963104,0.11938742
613,0.92375,0.20733004435896873,0.059099503,0.825,0.41812869906425476,0.121718295
614,0.92125,0.2044951282441616,0.058643363,0.825,0.41916999220848083,0.12141023
615,0.92,0.2056354135274887,0.05866546,0.825,0.42000025510787964,0.12184331
616,0.9225,0.21548325940966606,0.06242806,0.82,0.42010676860809326,0.12151469
617,0.92125,0.2106209732592106,0.060484353,0.825,0.42010989785194397,0.12250917
618,0.9275,0.1990576982498169,0.05634992,0.82,0.42065855860710144,0.12192773
619,0.92125,0.20488467067480087,0.058961984,0.82,0.42189571261405945,0.12278675
620,0.92,0.20317624509334564,0.05849659,0.82,0.42297637462615967,0.12247773
621,0.92375,0.20994099229574203,0.059936102,0.82,0.42112037539482117,0.12186302
622,0.9125,0.21233072131872177,0.062190995,0.825,0.4200218617916107,0.12149023
623,0.92,0.2084997035562992,0.060413588,0.82,0.4226885139942169,0.12205391
624,0.9175,0.20588774606585503,0.059287384,0.825,0.42691126465797424,0.12313815
625,0.91875,0.2067936509847641,0.060227722,0.82,0.426749050617218,0.123187914
626,0.92,0.21184521913528442,0.061383057,0.825,0.4228319823741913,0.12275542
627,0.92375,0.20415550470352173,0.057735108,0.82,0.42612937092781067,0.122777835
628,0.9225,0.20522229745984077,0.05930173,0.825,0.4275394380092621,0.12315396
629,0.92,0.20333421602845192,0.058052875,0.82,0.42485255002975464,0.121647835
630,0.925,0.20710795372724533,0.059266817,0.825,0.4230934977531433,0.12071958
631,0.91875,0.20192325487732887,0.058782514,0.825,0.42539680004119873,0.12286291
632,0.92875,0.19933515787124634,0.05681801,0.825,0.4252893030643463,0.12218704
633,0.925,0.2038777358829975,0.058559533,0.82,0.42165592312812805,0.12075166
634,0.92375,0.20377809926867485,0.058144763,0.825,0.42576152086257935,0.123153925
635,0.91375,0.21982642635703087,0.064889595,0.82,0.4213648736476898,0.121008135
636,0.925,0.19944245368242264,0.057025284,0.82,0.4214733839035034,0.121126376
637,0.93125,0.19514456391334534,0.055270005,0.825,0.4238934814929962,0.12236613
638,0.92,0.20529885590076447,0.058787316,0.82,0.4222387373447418,0.12157948
639,0.925,0.20685739442706108,0.059481427,0.82,0.4265841245651245,0.1236884
640,0.9275,0.2025742530822754,0.057898656,0.82,0.43159329891204834,0.12423717
641,0.9275,0.20134280249476433,0.057327196,0.82,0.4308030605316162,0.123179846
642,0.92125,0.20239685848355293,0.05897082,0.82,0.42564278841018677,0.12184377
643,0.92,0.20835503935813904,0.060981646,0.82,0.42469868063926697,0.12232739
644,0.9225,0.20112185180187225,0.058016084,0.82,0.4283338189125061,0.12373358
645,0.925,0.20291278511285782,0.057585716,0.82,0.4290597438812256,0.1229452
646,0.9225,0.2032751403748989,0.05857202,0.82,0.4364522695541382,0.12514476
647,0.92,0.2045753262937069,0.058949128,0.825,0.4335922598838806,0.12359029
648,0.9275,0.20184998586773872,0.05778854,0.82,0.4304245114326477,0.12292021
649,0.9175,0.209584828466177,0.06091865,0.82,0.43020039796829224,0.123001374
650,0.915,0.214520625770092,0.06287404,0.82,0.42544636130332947,0.122262314
651,0.91625,0.21122080087661743,0.061316833,0.82,0.4250830113887787,0.12275846
652,0.9225,0.20049842447042465,0.05660304,0.82,0.428954541683197,0.124047115
653,0.91625,0.20597875490784645,0.059526313,0.82,0.43182316422462463,0.12336599
654,0.9125,0.21362202614545822,0.06294784,0.825,0.43032535910606384,0.12205227
655,0.91125,0.2046918235719204,0.05950775,0.82,0.4335719645023346,0.12323816
656,0.9225,0.20281203463673592,0.05841633,0.82,0.43274128437042236,0.12356091
657,0.925,0.20063580572605133,0.057768308,0.82,0.4313521683216095,0.1226211
658,0.91625,0.208929143846035,0.061053686,0.83,0.42875972390174866,0.12094071
659,0.92375,0.1973063126206398,0.056277666,0.82,0.4303736388683319,0.122197
660,0.91875,0.20202818512916565,0.058072135,0.82,0.43212804198265076,0.12351634
661,0.9225,0.20064418017864227,0.05808641,0.82,0.4333818554878235,0.12315488
662,0.92,0.19877566769719124,0.05729587,0.82,0.43014734983444214,0.12298499
663,0.92875,0.19887210428714752,0.057425298,0.82,0.43025633692741394,0.122532025
664,0.92125,0.20521220937371254,0.059415318,0.82,0.43124017119407654,0.12233693
665,0.92375,0.20791976898908615,0.059994407,0.82,0.42965149879455566,0.12255995
666,0.925,0.19756609946489334,0.056597047,0.82,0.4274643361568451,0.12173791
667,0.92625,0.20172063633799553,0.05770259,0.82,0.4258573055267334,0.1215607
668,0.9275,0.20209908485412598,0.057971105,0.82,0.43021225929260254,0.122798294
669,0.9275,0.20285772904753685,0.058041763,0.82,0.43295973539352417,0.1236891
670,0.93,0.19646235927939415,0.05604969,0.82,0.4311327040195465,0.1221113
671,0.925,0.20072778686881065,0.057254683,0.82,0.4328760802745819,0.12392651
672,0.92375,0.20247985795140266,0.058444023,0.82,0.43632808327674866,0.123579174
673,0.9275,0.1952395960688591,0.0554324,0.815,0.4412297308444977,0.124654576
674,0.925,0.19477927684783936,0.055881616,0.82,0.4374719262123108,0.12360499
675,0.9225,0.19504384696483612,0.055751134,0.82,0.4388386607170105,0.123896025
676,0.92125,0.20273452624678612,0.058290806,0.82,0.435604065656662,0.12249361
677,0.92375,0.20456954091787338,0.058748074,0.82,0.4362143576145172,0.12281168
678,0.905,0.21767128258943558,0.064340435,0.82,0.4300568103790283,0.122889794
679,0.91875,0.21003257855772972,0.061341394,0.82,0.4324876070022583,0.12324485
680,0.92125,0.20366017520427704,0.058847595,0.82,0.4307830035686493,0.121619195
681,0.93125,0.19511910900473595,0.055968475,0.82,0.4343806803226471,0.12336036
682,0.92875,0.1989932581782341,0.05613313,0.82,0.43460074067115784,0.12289807
683,0.92875,0.2001676931977272,0.0572718,0.82,0.43684715032577515,0.123200454
684,0.93375,0.19249630346894264,0.054808583,0.82,0.43821215629577637,0.123959176
685,0.9225,0.202107734978199,0.05822008,0.825,0.4345051646232605,0.12191357
686,0.92875,0.20068909972906113,0.057950992,0.82,0.4351605474948883,0.122271955
687,0.93,0.19633331149816513,0.055703595,0.82,0.4379800856113434,0.1235916
688,0.91625,0.205283772200346,0.059573527,0.82,0.4368289113044739,0.1240533
689,0.91625,0.2038443386554718,0.0596648,0.82,0.4347100555896759,0.1229633
690,0.92,0.19778993725776672,0.057743315,0.82,0.4340353012084961,0.122034885
691,0.92375,0.1981765627861023,0.05649698,0.82,0.43694987893104553,0.12322249
692,0.92,0.20193487778306007,0.05843684,0.815,0.4417590796947479,0.12541923
693,0.92125,0.20325762033462524,0.058033776,0.82,0.4349684417247772,0.12388226
694,0.92,0.20348845794796944,0.058880482,0.82,0.4304622709751129,0.122202136
695,0.93,0.19522318616509438,0.055326756,0.82,0.4348064064979553,0.12305052
696,0.92,0.2034481167793274,0.058637965,0.82,0.4298102557659149,0.121028654
697,0.92375,0.19842950627207756,0.056239832,0.82,0.42924851179122925,0.1215758
698,0.92375,0.19667398184537888,0.05606531,0.83,0.4304267466068268,0.12022685
699,0.925,0.19536670297384262,0.0564458,0.82,0.4321056306362152,0.1216042
700,0.925,0.19896948710083961,0.05702009,0.82,0.4349493086338043,0.12322857
701,0.9275,0.19771308824419975,0.056225438,0.82,0.43296170234680176,0.122500144
702,0.925,0.19017547369003296,0.054110035,0.82,0.43693581223487854,0.123137906
703,0.92,0.1957806758582592,0.056045108,0.82,0.437228798866272,0.12304082
704,0.9325,0.1930750124156475,0.05488798,0.82,0.4348737299442291,0.12261012
705,0.925,0.1959252990782261,0.056089602,0.82,0.4354623556137085,0.12287606
706,0.9275,0.19981905445456505,0.057529666,0.82,0.43586817383766174,0.12337067
707,0.92375,0.1976732797920704,0.057166945,0.82,0.43508273363113403,0.12250924
708,0.9175,0.20402998477220535,0.05938268,0.82,0.43192049860954285,0.12273282
709,0.92625,0.1957268863916397,0.05565926,0.82,0.43245959281921387,0.121643685
710,0.9225,0.19506508484482765,0.05625164,0.82,0.43645209074020386,0.122909345
711,0.925,0.19631778448820114,0.0564871,0.82,0.4364248514175415,0.12321049
712,0.93125,0.2011924423277378,0.05776416,0.82,0.43284472823143005,0.1215327
713,0.93125,0.19342314079403877,0.054919075,0.82,0.43502357602119446,0.12213085
714,0.9125,0.20240404456853867,0.05941749,0.82,0.42969322204589844,0.121738456
715,0.9275,0.19556564837694168,0.055433236,0.82,0.43282920122146606,0.122728676
716,0.915,0.20556316897273064,0.06074308,0.82,0.4366035759449005,0.12458942
717,0.92625,0.19506366550922394,0.0559488,0.82,0.4382610023021698,0.12303525
718,0.92375,0.1892087198793888,0.053846054,0.82,0.4379711151123047,0.1228649
719,0.9275,0.19664722308516502,0.056470286,0.82,0.4368788003921509,0.12322963
720,0.92375,0.1956801563501358,0.056747522,0.82,0.4345591366291046,0.12208359
721,0.92375,0.1944628581404686,0.055776034,0.82,0.4337728023529053,0.122356206
722,0.93375,0.18841291964054108,0.053366505,0.82,0.4367517828941345,0.123258956
723,0.9275,0.18862594291567802,0.053507347,0.82,0.4397025406360626,0.12331599
724,0.92375,0.18947431445121765,0.05453348,0.82,0.4439927041530609,0.12391362
725,0.92625,0.19390757009387016,0.055616222,0.82,0.44306281208992004,0.123296835
726,0.91375,0.19816496223211288,0.058518067,0.82,0.4383620023727417,0.122177936
727,0.93,0.19254877790808678,0.0552245,0.82,0.43570441007614136,0.12175372
728,0.92125,0.19915612041950226,0.058008555,0.82,0.43937796354293823,0.12272017
729,0.92125,0.19481348618865013,0.055669524,0.82,0.44545647501945496,0.124479555
730,0.92125,0.1972009427845478,0.056896437,0.82,0.4436028301715851,0.12411673
731,0.92,0.1978936865925789,0.057182226,0.825,0.44110938906669617,0.121599026
732,0.9175,0.2026037760078907,0.059118368,0.82,0.4448302984237671,0.123735934
733,0.9225,0.19021674990653992,0.05456316,0.82,0.4426315724849701,0.12288856
734,0.925,0.1964154727756977,0.056314565,0.82,0.4455818831920624,0.12324524
735,0.93625,0.1906229965388775,0.05428699,0.82,0.443445086479187,0.12333348
736,0.93,0.19017775729298592,0.05457638,0.82,0.44205811619758606,0.12187442
737,0.93,0.1905779279768467,0.054417692,0.82,0.4426538050174713,0.12235956
738,0.92375,0.1951833814382553,0.056488615,0.82,0.4439542293548584,0.12378829
739,0.9275,0.19724557548761368,0.056388106,0.82,0.4376435875892639,0.121676445
740,0.93625,0.18575925938785076,0.05254131,0.82,0.4403058588504791,0.12256973
741,0.92375,0.19286243990063667,0.055636086,0.82,0.4428645372390747,0.123266555
742,0.9275,0.1936335153877735,0.055332948,0.82,0.43995311856269836,0.12376977
743,0.925,0.19331855326890945,0.05553431,0.82,0.4442090690135956,0.124658674
744,0.93125,0.19408158585429192,0.05585626,0.82,0.4430786371231079,0.12401335
745,0.93,0.1915154941380024,0.05496591,0.82,0.44135695695877075,0.12252153
746,0.92875,0.18802396953105927,0.053065043,0.83,0.4403599500656128,0.1218054
747,0.93125,0.18978234007954597,0.053464144,0.82,0.4436928927898407,0.12340021
748,0.92625,0.19398600980639458,0.0562539,0.825,0.4400806427001953,0.122431844
749,0.925,0.19509562477469444,0.055964302,0.825,0.4409032464027405,0.12287143
750,0.91625,0.19522014632821083,0.057141725,0.825,0.4410383701324463,0.12383169
751,0.93,0.20058726146817207,0.057882126,0.825,0.44045424461364746,0.12285388
752,0.9225,0.19056284427642822,0.054969892,0.82,0.4446883499622345,0.12393804
753,0.92625,0.19248099625110626,0.055668697,0.82,0.44361841678619385,0.12253851
754,0.9275,0.19123175740242004,0.05564935,0.82,0.44749096035957336,0.124308795
755,0.93,0.1909015253186226,0.05438937,0.82,0.4463072717189789,0.12432334
756,0.91875,0.20677656680345535,0.060991596,0.825,0.4431595206260681,0.12395511
757,0.93,0.18880118802189827,0.05349578,0.825,0.4446525275707245,0.125548
758,0.925,0.1992654763162136,0.05838612,0.825,0.44422000646591187,0.12383972
759,0.93125,0.1937323473393917,0.055104744,0.825,0.446803480386734,0.12441473
760,0.92375,0.19561438262462616,0.05625629,0.825,0.44705599546432495,0.1238636
761,0.92375,0.20039674639701843,0.057559103,0.825,0.44481268525123596,0.1241868
762,0.915,0.196156807243824,0.057077285,0.825,0.4494934380054474,0.12571204
763,0.9275,0.19102109223604202,0.055212036,0.825,0.44607970118522644,0.12330623
764,0.92875,0.18795902281999588,0.053440467,0.82,0.4478824734687805,0.123289734
765,0.9275,0.18792317807674408,0.05368435,0.82,0.45358163118362427,0.12534603
766,0.925,0.18896470218896866,0.05394187,0.815,0.4545779824256897,0.12541907
767,0.93,0.1856432557106018,0.05262312,0.825,0.4529721140861511,0.12502624
768,0.92875,0.1930825337767601,0.055485044,0.82,0.45422104001045227,0.12573592
769,0.925,0.19207333773374557,0.055441838,0.825,0.44732460379600525,0.12503152
770,0.9275,0.19972585141658783,0.057984818,0.825,0.44896450638771057,0.12478596
771,0.92625,0.19088998064398766,0.05520092,0.825,0.45060160756111145,0.12505443
772,0.93,0.1864451915025711,0.053512696,0.82,0.4512542486190796,0.12558502
773,0.9275,0.1884392611682415,0.05354682,0.82,0.4469250440597534,0.12373266
774,0.93,0.1823735274374485,0.051456295,0.82,0.4509345293045044,0.12382473
775,0.93,0.1904870755970478,0.054773863,0.82,0.45186033844947815,0.12429622
776,0.915,0.20295701175928116,0.05955515,0.825,0.4494737684726715,0.124314636
777,0.92625,0.19083555042743683,0.054612733,0.825,0.4481942653656006,0.12385386
778,0.9225,0.20613966509699821,0.059688415,0.825,0.44243109226226807,0.124271005
779,0.9325,0.18751124665141106,0.053231273,0.825,0.4468923807144165,0.1250532
780,0.92875,0.1954832598567009,0.056390878,0.825,0.4407700002193451,0.12203788
781,0.9375,0.1868773177266121,0.052567944,0.825,0.44606512784957886,0.12344465
782,0.92625,0.18914880231022835,0.05435221,0.825,0.4478433132171631,0.12284946
783,0.92875,0.1894567459821701,0.054208435,0.825,0.4496030807495117,0.12437946
784,0.92125,0.1980251409113407,0.05723958,0.825,0.4500926733016968,0.124653265
785,0.9225,0.19676539301872253,0.057486583,0.825,0.4502037465572357,0.12325449
786,0.93,0.19166379794478416,0.05525786,0.825,0.45345309376716614,0.12385154
787,0.9275,0.1941765658557415,0.05638383,0.825,0.45212581753730774,0.123971455
788,0.92875,0.1887388713657856,0.053976897,0.825,0.45085880160331726,0.12401567
789,0.9225,0.1934979446232319,0.05603915,0.825,0.45288288593292236,0.12400793
790,0.9325,0.18669207021594048,0.053011946,0.83,0.4549691677093506,0.12360987
791,0.9325,0.18910012766718864,0.053906783,0.825,0.4533776044845581,0.12391384
792,0.92375,0.18733802065253258,0.053684182,0.83,0.4519047439098358,0.12322794
793,0.92625,0.18919909000396729,0.05487871,0.825,0.4549013376235962,0.12437483
794,0.92875,0.18778520077466965,0.05365338,0.825,0.45629143714904785,0.12546773
795,0.91125,0.21094631031155586,0.06366579,0.825,0.4375761151313782,0.12085475
796,0.9275,0.19710246846079826,0.05688054,0.825,0.4436365067958832,0.122505926
797,0.935,0.18514111638069153,0.052369498,0.825,0.4516313076019287,0.12468727
798,0.92375,0.19027740508317947,0.054884873,0.825,0.4562724232673645,0.12631328
799,0.935,0.1819010265171528,0.051398873,0.825,0.4530782401561737,0.124871396
800,0.9275,0.20083723962306976,0.05770174,0.825,0.45046111941337585,0.12553309
801,0.93125,0.18177035450935364,0.05139582,0.825,0.45150384306907654,0.12522563
802,0.91625,0.20005818456411362,0.05846192,0.82,0.4583986699581146,0.12786826
803,0.92125,0.19575854390859604,0.05648162,0.825,0.45300742983818054,0.124484345
804,0.93,0.18635712936520576,0.052804183,0.825,0.4563157558441162,0.12554166
805,0.9275,0.19415757060050964,0.05612706,0.825,0.45414653420448303,0.12492003
806,0.92875,0.18874864652752876,0.054673966,0.825,0.4572540521621704,0.12545227
807,0.935,0.18716100975871086,0.05332586,0.825,0.4605305790901184,0.12593877
808,0.93375,0.1923460178077221,0.055524245,0.825,0.46091800928115845,0.12557478
809,0.93125,0.1871056631207466,0.05354765,0.83,0.45543164014816284,0.12365429
810,0.92875,0.19770684093236923,0.05683602,0.83,0.4548289477825165,0.12290134
811,0.93,0.18430804461240768,0.052778684,0.825,0.45605021715164185,0.12419846
812,0.93,0.1904296539723873,0.05476116,0.825,0.4565349221229553,0.12416438
813,0.92875,0.1858370043337345,0.052666303,0.825,0.45564091205596924,0.12421337
814,0.93125,0.18919770792126656,0.0541469,0.825,0.46079474687576294,0.1261734
815,0.92375,0.19970253482460976,0.058632728,0.825,0.4544556438922882,0.12492297
816,0.92625,0.19426998868584633,0.05581539,0.825,0.45748624205589294,0.12427618
817,0.92125,0.18858160078525543,0.054230884,0.825,0.4580375552177429,0.12467627
818,0.925,0.1875542216002941,0.05378605,0.825,0.45772552490234375,0.12619786
819,0.9325,0.18292523175477982,0.05220227,0.825,0.4507225453853607,0.123335406
820,0.92875,0.19046057388186455,0.05467806,0.825,0.45457541942596436,0.12404342
821,0.9325,0.18067090585827827,0.051534243,0.825,0.4602726697921753,0.12485275
822,0.91875,0.18735260143876076,0.05432866,0.82,0.46473217010498047,0.12586735
823,0.93125,0.19144407287240028,0.05555183,0.835,0.4652281105518341,0.1241079
824,0.92625,0.19336878135800362,0.056074608,0.83,0.4557957947254181,0.12211835
825,0.92,0.19336439669132233,0.05605153,0.83,0.4476810693740845,0.12025435
826,0.935,0.19046196341514587,0.053794194,0.825,0.4554555118083954,0.12502605
827,0.93625,0.1818331703543663,0.05108608,0.825,0.46093040704727173,0.12600058
828,0.93125,0.1823611594736576,0.05190779,0.825,0.45937106013298035,0.12419679
829,0.93375,0.18364328891038895,0.051929418,0.825,0.46092283725738525,0.12571922
830,0.92625,0.19079317897558212,0.054920413,0.825,0.4623691439628601,0.12645993
831,0.93,0.18616928160190582,0.053185686,0.82,0.4687199294567108,0.12761234
832,0.935,0.18384980410337448,0.05259275,0.825,0.46250468492507935,0.12519005
833,0.93125,0.1745746023952961,0.049042705,0.825,0.462710976600647,0.12520976
834,0.925,0.18285447359085083,0.052567676,0.825,0.46296095848083496,0.1253471
835,0.92875,0.18384071812033653,0.051820397,0.825,0.4604833126068115,0.1255685
836,0.91625,0.19716309756040573,0.057969388,0.825,0.456821084022522,0.12304947
837,0.92875,0.18879910185933113,0.054440804,0.825,0.4640537202358246,0.1255489
838,0.935,0.18232855945825577,0.052386217,0.825,0.4682646691799164,0.12608424
839,0.92875,0.1917622685432434,0.055746045,0.83,0.4633850157260895,0.12347723
840,0.93,0.18402279913425446,0.053311147,0.825,0.4630267024040222,0.12505104
841,0.93,0.1841351017355919,0.05283945,0.825,0.4629019796848297,0.12530021
842,0.9275,0.17973900586366653,0.051794957,0.82,0.4677872955799103,0.12616187
843,0.92875,0.18704283609986305,0.054324355,0.825,0.4649864435195923,0.12525
844,0.92875,0.18450846150517464,0.053027857,0.825,0.4623798727989197,0.12503316
845,0.935,0.1821485459804535,0.051980153,0.83,0.4627433717250824,0.12432302
846,0.92875,0.1831667311489582,0.052552994,0.83,0.46394917368888855,0.12453187
847,0.92875,0.18360548838973045,0.052471112,0.825,0.4662843644618988,0.12579414
848,0.93,0.18105191364884377,0.052000202,0.825,0.4642525911331177,0.1251975
849,0.93,0.18867382407188416,0.054540664,0.825,0.4637685716152191,0.12525453
850,0.93375,0.17855685204267502,0.050270442,0.825,0.46041029691696167,0.12489977
851,0.925,0.18680866807699203,0.054066084,0.825,0.4627944231033325,0.1254507
852,0.9325,0.18873387202620506,0.05451702,0.825,0.46493569016456604,0.12586963
853,0.92625,0.19164150580763817,0.054639753,0.825,0.4665902853012085,0.12810788
854,0.935,0.17981281131505966,0.050765052,0.825,0.4655092656612396,0.1267094
855,0.92625,0.19543007016181946,0.056782637,0.825,0.4620732069015503,0.12622231
856,0.93,0.1857505477964878,0.05333524,0.825,0.4676944315433502,0.12647048
857,0.93,0.18331458047032356,0.052483734,0.825,0.4715483784675598,0.12696068
858,0.935,0.182026706635952,0.05135786,0.825,0.4705768823623657,0.12715723
859,0.91875,0.2057434245944023,0.060451217,0.825,0.46705877780914307,0.1275304
860,0.9375,0.17646200582385063,0.049868323,0.825,0.46471741795539856,0.12576985
861,0.93375,0.18669505417346954,0.05380724,0.825,0.4657880365848541,0.12707454
862,0.93375,0.18061651661992073,0.051148772,0.825,0.46436524391174316,0.12638398
863,0.9325,0.18280434235930443,0.05200774,0.825,0.46569254994392395,0.12697366
864,0.93125,0.18133511766791344,0.051576063,0.825,0.4625929296016693,0.12517147
865,0.935,0.18374339118599892,0.05203452,0.825,0.4633733332157135,0.12526144
866,0.93875,0.17357705533504486,0.048642043,0.825,0.46783247590065,0.12578964
867,0.94125,0.17399467900395393,0.048850786,0.82,0.47244641184806824,0.12751266
868,0.93,0.18202487379312515,0.05230855,0.825,0.46379563212394714,0.12695281
869,0.93375,0.1831485517323017,0.052235898,0.825,0.46160992980003357,0.12526037
870,0.92,0.19145360961556435,0.05590791,0.825,0.4609462320804596,0.124938585
871,0.9275,0.1870798096060753,0.053543698,0.825,0.4595590829849243,0.12393764
872,0.92875,0.1844611093401909,0.052914042,0.825,0.45860397815704346,0.12506415
873,0.9275,0.18089741840958595,0.051759876,0.825,0.45982781052589417,0.12516643
874,0.93625,0.18212702125310898,0.05191792,0.825,0.47124844789505005,0.12760119
875,0.93375,0.18287768214941025,0.052359186,0.825,0.46645587682724,0.12588573
876,0.92625,0.18805311247706413,0.054211155,0.825,0.4662436246871948,0.12569818
877,0.93,0.18669548630714417,0.05381506,0.825,0.4535846710205078,0.12166644
878,0.935,0.17513876035809517,0.04939769,0.825,0.46174129843711853,0.12402564
879,0.93625,0.17805884405970573,0.050864216,0.825,0.4654744267463684,0.12562057
880,0.93375,0.18642501533031464,0.053687323,0.825,0.4675159156322479,0.12621394
881,0.935,0.1788846179842949,0.05084339,0.825,0.46922481060028076,0.12705678
882,0.93375,0.18517427146434784,0.053478926,0.825,0.461471825838089,0.123923875
883,0.93375,0.1889672726392746,0.05393083,0.825,0.46296635270118713,0.123752795
884,0.92375,0.19491944089531898,0.05657722,0.825,0.4618961811065674,0.1233182
885,0.93,0.17895415052771568,0.050526198,0.825,0.4647449851036072,0.12574317
886,0.935,0.17657753825187683,0.049937777,0.825,0.46837303042411804,0.12664983
887,0.93875,0.17774268239736557,0.04940469,0.825,0.4720662832260132,0.1273857
888,0.9275,0.19163329154253006,0.054453447,0.825,0.47075527906417847,0.12792164
889,0.93125,0.1783480904996395,0.050368883,0.825,0.47526028752326965,0.12707499
890,0.9275,0.18227405101060867,0.05241113,0.825,0.4715156555175781,0.12674539
891,0.935,0.18236836045980453,0.052309904,0.825,0.47271397709846497,0.12732558
892,0.92375,0.19127542525529861,0.055283852,0.825,0.46603813767433167,0.12472755
893,0.92875,0.17872602120041847,0.05121848,0.825,0.4715930223464966,0.1263137
894,0.93375,0.18261108174920082,0.052084967,0.825,0.4688783288002014,0.12570126
895,0.93375,0.1748611181974411,0.04937096,0.825,0.4702513515949249,0.12684292
896,0.93125,0.18347373977303505,0.052595373,0.825,0.4695761203765869,0.12630679
897,0.93125,0.18983523547649384,0.054272734,0.825,0.4712389409542084,0.12613305
898,0.93125,0.17833150178194046,0.050431956,0.825,0.4728400707244873,0.12588479
899,0.9425,0.17430834844708443,0.04912915,0.825,0.4787724018096924,0.12655528
900,0.935,0.18063711374998093,0.051640455,0.82,0.47865161299705505,0.12766835
901,0.92,0.19233648106455803,0.05655744,0.83,0.4710742235183716,0.12381616
902,0.9375,0.1792709268629551,0.05113195,0.825,0.4777051508426666,0.1264239
903,0.92375,0.18722816556692123,0.054551784,0.83,0.4754852056503296,0.12438869
904,0.93,0.18421153351664543,0.052914344,0.825,0.47595733404159546,0.12608694
905,0.9275,0.18278808891773224,0.052778874,0.825,0.47195568680763245,0.12646776
906,0.92625,0.18086766451597214,0.051881887,0.825,0.4660850763320923,0.124935605
907,0.9325,0.17938407137989998,0.05083175,0.825,0.4715351462364197,0.124989055
908,0.9325,0.178225826472044,0.051064577,0.825,0.4758458733558655,0.12564507
909,0.92875,0.18666553869843483,0.053480726,0.825,0.476744681596756,0.12610814
910,0.9275,0.1813206784427166,0.052134685,0.83,0.4706290364265442,0.123468935
911,0.94125,0.1724812611937523,0.048497114,0.83,0.48085904121398926,0.12632996
912,0.92875,0.17366668209433556,0.04999157,0.825,0.47797131538391113,0.1263363
913,0.92875,0.1767551153898239,0.050068628,0.83,0.4780174195766449,0.12607235
914,0.9325,0.18422741070389748,0.053383827,0.825,0.47524669766426086,0.12660033
915,0.93,0.1771084889769554,0.050439816,0.825,0.47875693440437317,0.12645656
916,0.93875,0.17309006676077843,0.049425244,0.82,0.48290255665779114,0.12793946
917,0.935,0.1757073625922203,0.050016254,0.82,0.4844282865524292,0.12887098
918,0.9375,0.17121818289160728,0.04807362,0.825,0.48069363832473755,0.12754771
919,0.93125,0.17622287943959236,0.05038178,0.825,0.48040735721588135,0.12700158
920,0.92625,0.18604186922311783,0.05434183,0.82,0.48521655797958374,0.12853913
921,0.9275,0.18011297285556793,0.052114334,0.82,0.4850462079048157,0.12825583
922,0.92625,0.19541319459676743,0.057400484,0.82,0.4825793206691742,0.12843697
923,0.9325,0.17276810854673386,0.048980497,0.82,0.4861445128917694,0.1274634
924,0.92625,0.18239634484052658,0.05291586,0.825,0.482666939496994,0.12669004
925,0.935,0.18021996691823006,0.051428795,0.825,0.47490429878234863,0.12538491
926,0.935,0.16968606412410736,0.047784273,0.825,0.47764527797698975,0.12644163
927,0.925,0.18063317611813545,0.052315235,0.83,0.47563523054122925,0.12472217
928,0.94125,0.17010774090886116,0.048002534,0.825,0.4833432734012604,0.1274291
929,0.93625,0.18116182461380959,0.051396325,0.825,0.4789045751094818,0.12723692
930,0.935,0.17968546226620674,0.050971407,0.825,0.4810587763786316,0.12743075
931,0.92625,0.18220438808202744,0.052638598,0.825,0.47456657886505127,0.1261211
932,0.9325,0.17542383074760437,0.049859647,0.825,0.4729834794998169,0.12609813
933,0.92625,0.19215445220470428,0.056193944,0.83,0.4657054543495178,0.12185031
934,0.93,0.17261505872011185,0.049328174,0.83,0.47368350625038147,0.12376997
935,0.935,0.18402810394763947,0.052371874,0.825,0.4849931001663208,0.12743461
936,0.93625,0.17409760132431984,0.049127363,0.825,0.485961377620697,0.12859605
937,0.92875,0.1778675988316536,0.05085524,0.825,0.48393118381500244,0.12736253
938,0.93125,0.18362858891487122,0.05307223,0.825,0.479381799697876,0.12621303
939,0.9325,0.1728806421160698,0.048784524,0.825,0.4846125543117523,0.12810025
940,0.935,0.17979320511221886,0.051585764,0.825,0.485970139503479,0.12990628
941,0.9325,0.1706417016685009,0.047456056,0.82,0.49229201674461365,0.12958935
942,0.93375,0.17372197285294533,0.05021374,0.825,0.48232895135879517,0.12675837
943,0.93875,0.17387980222702026,0.049494486,0.825,0.4869166314601898,0.12894958
944,0.93125,0.1768582947552204,0.051008515,0.82,0.4880654513835907,0.12930715
945,0.93125,0.1755317710340023,0.050412092,0.825,0.4847554862499237,0.12727432
946,0.9275,0.18005241453647614,0.05173705,0.825,0.48399487137794495,0.12893873
947,0.93125,0.17699860781431198,0.050724097,0.825,0.47680461406707764,0.12601542
948,0.935,0.17712362483143806,0.05037393,0.825,0.48272183537483215,0.12713742
949,0.94125,0.16929103806614876,0.0471424,0.825,0.4799131751060486,0.12740666
950,0.9325,0.1721041239798069,0.04921472,0.83,0.4786122143268585,0.12603799
951,0.93125,0.17762799561023712,0.050545502,0.825,0.48214051127433777,0.1267019
952,0.93125,0.17622731998562813,0.050967317,0.825,0.4829828143119812,0.12780543
953,0.93375,0.1707317866384983,0.048523508,0.825,0.4846940338611603,0.12631512
954,0.92875,0.18703597784042358,0.05455249,0.825,0.4773973524570465,0.12477473
955,0.9325,0.17767242714762688,0.050891753,0.825,0.483134925365448,0.12696406
956,0.9375,0.17282656952738762,0.048769455,0.82,0.4913903772830963,0.12922391
957,0.9275,0.17627742141485214,0.05055628,0.825,0.4890335202217102,0.12925595
958,0.92875,0.1812526322901249,0.052124348,0.825,0.4873334467411041,0.12923734
959,0.93625,0.17014004290103912,0.047956143,0.825,0.48413941264152527,0.12790878
960,0.93375,0.17360759899020195,0.049653597,0.82,0.48952528834342957,0.12958887
961,0.92625,0.1788327619433403,0.05233331,0.83,0.48254597187042236,0.12818107
962,0.9425,0.16712182387709618,0.04643663,0.82,0.48695141077041626,0.12855937
963,0.9325,0.1823509745299816,0.052006822,0.82,0.48587700724601746,0.12778182
964,0.92875,0.17631066218018532,0.050202098,0.825,0.48276469111442566,0.12683222
965,0.9275,0.1781882531940937,0.051980644,0.82,0.4799501895904541,0.12616111
966,0.92625,0.1867077611386776,0.053995676,0.82,0.48837774991989136,0.12868507
967,0.93125,0.17496446147561073,0.049366657,0.82,0.49062615633010864,0.12851377
968,0.93125,0.1790090687572956,0.051127072,0.825,0.4862881600856781,0.12792785
969,0.9325,0.18289360776543617,0.052718617,0.835,0.4942395091056824,0.13043468
970,0.9325,0.1761857569217682,0.050538182,0.83,0.4893067181110382,0.12740245
971,0.94125,0.16484853997826576,0.04586528,0.825,0.4957391023635864,0.13063006
972,0.925,0.1807735674083233,0.052235454,0.825,0.4946991205215454,0.13049465
973,0.93375,0.17785175889730453,0.05118856,0.82,0.4930340647697449,0.12951666
974,0.94,0.16759318485856056,0.046807084,0.82,0.4924038052558899,0.12842774
975,0.9275,0.17510820738971233,0.05055516,0.825,0.488733172416687,0.12646373
976,0.94,0.1686500571668148,0.047546692,0.82,0.49445074796676636,0.12894312
977,0.93125,0.17011666297912598,0.04814109,0.82,0.4920766353607178,0.12811655
978,0.93625,0.17238685116171837,0.048769988,0.83,0.49008986353874207,0.12939529
979,0.94,0.17427455633878708,0.049483906,0.825,0.4909196197986603,0.129153
980,0.93375,0.18829849734902382,0.053944457,0.825,0.48212936520576477,0.12440328
981,0.93375,0.17216015979647636,0.048928156,0.83,0.4898114800453186,0.12774545
982,0.935,0.17467235401272774,0.05009747,0.835,0.4850955605506897,0.12701418
983,0.93375,0.18007800728082657,0.05098333,0.835,0.48068171739578247,0.12630507
984,0.94125,0.17111355811357498,0.04784811,0.835,0.48884692788124084,0.1284794
985,0.935,0.17611883953213692,0.050092272,0.83,0.48899951577186584,0.12834817
986,0.93625,0.16657737269997597,0.04681792,0.83,0.4802091121673584,0.12619635
987,0.9375,0.17624182626605034,0.05039128,0.83,0.4861513078212738,0.12854065
988,0.93625,0.17163822054862976,0.04857199,0.83,0.4925675690174103,0.12986611
989,0.935,0.16885137557983398,0.04749048,0.83,0.4942646920681,0.1289332
990,0.9375,0.17046282067894936,0.04843999,0.83,0.49463149905204773,0.12884343
991,0.94375,0.16637937352061272,0.046716496,0.83,0.49419769644737244,0.12945482
992,0.9325,0.170310128480196,0.048507586,0.83,0.49379733204841614,0.12797496
993,0.92875,0.17547503486275673,0.050589457,0.83,0.4871925711631775,0.12597929
994,0.93125,0.17784423381090164,0.051121067,0.825,0.4920923113822937,0.1282188
995,0.9375,0.18271056562662125,0.052118894,0.83,0.48552748560905457,0.12671818
996,0.92875,0.17862676084041595,0.05206619,0.825,0.49496719241142273,0.12884533
997,0.93875,0.17031670361757278,0.048182562,0.825,0.4950220584869385,0.1286834
998,0.9375,0.17219296842813492,0.049135502,0.82,0.4923487603664398,0.12834677
999,0.9325,0.16882945224642754,0.04803081,0.83,0.49095213413238525,0.12762114
